<?xml version="1.0" encoding="utf-8"?><testsuites name="pytest tests"><testsuite name="pytest" errors="0" failures="0" skipped="13" tests="342" time="20.904" timestamp="2025-07-19T17:14:58.922259-07:00" hostname="les-pro"><testcase classname="tests.test_async_sandboxed_environment.TestAsyncSandboxedEnvironment" name="test_code_generator_class" time="0.003" /><testcase classname="tests.test_async_environment.TestAsyncEnvironmentBasics" name="test_init" time="0.003" /><testcase classname="tests.test_async_sandboxed_environment.TestAsyncSandboxedEnvironment" name="test_template_caching_works" time="0.010" /><testcase classname="tests.test_async_environment.TestAsyncEnvironmentBasics" name="test_generate" time="0.004" /><testcase classname="tests.test_async_environment.TestAsyncEnvironmentBasics" name="test_compile_normal" time="0.001" /><testcase classname="tests.test_async_environment.TestAsyncEnvironmentBasics" name="test_compile_with_syntax_error" time="0.001" /><testcase classname="tests.test_async_sandboxed_environment.TestAsyncSandboxedEnvironment" name="test_multiple_template_rendering" time="0.005" /><testcase classname="tests.test_async_environment.TestAsyncEnvironmentBasics" name="test_compile_with_async_code" time="0.001" /><testcase classname="tests.test_async_environment.TestAsyncEnvironmentBasics" name="test_compile_with_yield_from_replacement" time="0.002" /><testcase classname="tests.test_async_sandboxed_environment.TestAsyncSandboxedEnvironment" name="test_escape_filter_registered" time="0.001" /><testcase classname="tests.test_bccache.TestAsyncBytecodeCache" name="test_get_cache_key" time="0.004" /><testcase classname="tests.test_async_environment.TestAsyncYieldFrom" name="test_async_yield_from_with_async_generator" time="0.005" /><testcase classname="tests.test_bccache.TestAsyncBytecodeCache" name="test_get_source_checksum" time="0.004" /><testcase classname="tests.test_async_environment.TestAsyncYieldFrom" name="test_async_yield_from_with_regular_generator" time="0.003" /><testcase classname="tests.test_async_environment.TestAsyncTemplateLoading" name="test_get_template_not_implemented" time="0.003" /><testcase classname="tests.test_bccache.TestAsyncBytecodeCache" name="test_not_implemented_methods" time="0.007" /><testcase classname="tests.test_async_environment.TestAsyncTemplateLoading" name="test_select_template_not_implemented" time="0.003" /><testcase classname="tests.test_bccache_additional.TestAsyncBytecodeCache" name="test_init" time="0.001" /><testcase classname="tests.test_async_environment.TestAsyncTemplateLoading" name="test_get_or_select_template_not_implemented" time="0.003" /><testcase classname="tests.test_bccache_additional.TestAsyncBytecodeCache" name="test_get_cache_key" time="0.001" /><testcase classname="tests.test_async_environment.TestAsyncTemplateLoading" name="test_get_template_async_with_template_object" time="0.004" /><testcase classname="tests.test_bccache_additional.TestAsyncBytecodeCache" name="test_get_source_checksum" time="0.001" /><testcase classname="tests.test_bccache_additional.TestAsyncBytecodeCache" name="test_get_bucket_async" time="0.004" /><testcase classname="tests.test_async_environment.TestAsyncTemplateLoading" name="test_get_template_async_with_parent" time="0.004" /><testcase classname="tests.test_bccache_additional.TestAsyncBytecodeCache" name="test_set_bucket_async" time="0.004" /><testcase classname="tests.test_async_environment.TestAsyncTemplateLoading" name="test_get_template_async_with_globals" time="0.003" /><testcase classname="tests.test_bccache_additional.TestAsyncBytecodeCache" name="test_load_bytecode_not_implemented" time="0.002" /><testcase classname="tests.test_async_environment.TestAsyncTemplateLoading" name="test_select_template_async_with_empty_list" time="0.002" /><testcase classname="tests.test_bccache_additional.TestAsyncBytecodeCache" name="test_dump_bytecode_not_implemented" time="0.003" /><testcase classname="tests.test_async_environment.TestAsyncTemplateLoading" name="test_select_template_async_with_undefined" time="0.003" /><testcase classname="tests.test_bccache_additional.TestAsyncBytecodeCache" name="test_clear_not_implemented" time="0.001" /><testcase classname="tests.test_async_environment.TestAsyncTemplateLoading" name="test_select_template_async_with_template_object" time="0.004" /><testcase classname="tests.test_bccache_additional.TestAsyncBytecodeCache_Subclass" name="test_get_bucket_async_with_custom_cache" time="0.003" /><testcase classname="tests.test_async_environment.TestAsyncTemplateLoading" name="test_select_template_async_with_parent" time="0.003" /><testcase classname="tests.test_bccache_additional.TestAsyncBytecodeCache_Subclass" name="test_set_bucket_async_with_custom_cache" time="0.003" /><testcase classname="tests.test_async_environment.TestAsyncTemplateLoading" name="test_select_template_async_not_found" time="0.003" /><testcase classname="tests.test_bccache_additional.TestAsyncBytecodeCache_Subclass" name="test_get_bucket_async_with_existing_bucket" time="0.002" /><testcase classname="tests.test_bccache_additional.TestAsyncBytecodeCache_Subclass" name="test_clear_with_custom_cache" time="0.001" /><testcase classname="tests.test_async_environment.TestAsyncTemplateLoading" name="test_get_or_select_template_async_with_string" time="0.003" /><testcase classname="tests.test_benchmarks.TestEnvironmentBenchmarks" name="test_benchmark_environment_creation" time="1.352" /><testcase classname="tests.test_async_environment.TestAsyncTemplateLoading" name="test_get_or_select_template_async_with_template_object" time="0.004" /><testcase classname="tests.test_async_environment.TestAsyncTemplateLoading" name="test_get_or_select_template_async_with_list" time="0.003" /><testcase classname="tests.test_async_environment.TestAsyncTemplateLoading" name="test_load_template_async_with_template_object" time="0.003" /><testcase classname="tests.test_async_environment.TestAsyncTemplateLoading" name="test_load_template_async_with_string" time="0.002" /><testcase classname="tests.test_async_environment.TestAsyncTemplateLoading" name="test_load_template_async_with_iterable" time="0.004" /><testcase classname="tests.test_async_environment.TestAsyncTemplateLoading" name="test_load_template_async_with_iterable_all_not_found" time="0.002" /><testcase classname="tests.test_async_environment.TestAsyncTemplateLoading" name="test_get_template_no_loader" time="0.002" /><testcase classname="tests.test_async_environment.TestAsyncTemplateLoading" name="test_get_template_with_cache_hit" time="0.003" /><testcase classname="tests.test_async_environment.TestAsyncTemplateLoading" name="test_get_template_with_cache_hit_and_globals" time="0.003" /><testcase classname="tests.test_async_environment.TestAsyncTemplateLoading" name="test_get_template_with_cache_miss" time="0.003" /><testcase classname="tests.test_async_sandboxed_environment.TestAsyncSandboxedEnvironment" name="test_init" time="0.001" /><testcase classname="tests.test_async_sandboxed_environment.TestAsyncSandboxedEnvironment" name="test_async_enabled_by_default" time="0.001" /><testcase classname="tests.test_async_sandboxed_environment.TestAsyncSandboxedEnvironment" name="test_explicit_async_enabled" time="0.001" /><testcase classname="tests.test_async_sandboxed_environment.TestAsyncSandboxedEnvironment" name="test_async_disabled_override" time="0.001" /><testcase classname="tests.test_async_sandboxed_environment.TestAsyncSandboxedEnvironment" name="test_safe_template_rendering" time="0.008" /><testcase classname="tests.test_async_sandboxed_environment.TestAsyncSandboxedEnvironment" name="test_safe_template_with_filter" time="0.004" /><testcase classname="tests.test_async_sandboxed_environment.TestAsyncSandboxedEnvironment" name="test_safe_template_with_math" time="0.003" /><testcase classname="tests.test_async_sandboxed_environment.TestAsyncSandboxedEnvironment" name="test_allowed_code_access_safe" time="0.004" /><testcase classname="tests.test_async_sandboxed_environment.TestAsyncSandboxedEnvironment" name="test_allowed_globals_access_safe" time="0.003" /><testcase classname="tests.test_async_sandboxed_environment.TestAsyncSandboxedEnvironment" name="test_unsafe_class_access_blocked" time="0.005" /><testcase classname="tests.test_async_sandboxed_environment.TestAsyncSandboxedEnvironment" name="test_unsafe_subclass_introspection_blocked" time="0.005" /><testcase classname="tests.test_async_sandboxed_environment.TestAsyncSandboxedEnvironment" name="test_inheritance_from_both_parents" time="0.001" /><testcase classname="tests.test_benchmarks.TestIntegrationBenchmarks" name="test_benchmark_sandboxed_workflow" time="1.834" /><testcase classname="tests.test_benchmarks.TestEnvironmentBenchmarks" name="test_benchmark_sandboxed_environment_creation" time="0.033" /><testcase classname="tests.test_benchmarks.TestLoaderBenchmarks" name="test_benchmark_filesystem_loader_creation" time="0.321" /><testcase classname="tests.test_benchmarks.TestLoaderBenchmarks" name="test_benchmark_dict_loader_creation" time="0.404" /><testcase classname="tests.test_benchmarks.TestIntegrationBenchmarks" name="test_benchmark_choice_loader_workflow" time="0.249" /><testcase classname="tests.test_benchmarks.TestLoaderBenchmarks" name="test_benchmark_package_loader_creation" time="0.290" /><testcase classname="tests.test_choice_loader.TestAsyncChoiceLoader" name="test_init" time="0.004" /><testcase classname="tests.test_choice_loader.TestAsyncChoiceLoader" name="test_get_source_async_first_loader" time="0.005" /><testcase classname="tests.test_choice_loader.TestAsyncChoiceLoader" name="test_get_source_async_second_loader" time="0.006" /><testcase classname="tests.test_choice_loader.TestAsyncChoiceLoader" name="test_get_source_async_shared_template" time="0.006" /><testcase classname="tests.test_choice_loader.TestAsyncChoiceLoader" name="test_get_source_async_nonexistent_template" time="0.005" /><testcase classname="tests.test_choice_loader.TestAsyncChoiceLoader" name="test_get_source_async_with_path_object" time="0.005" /><testcase classname="tests.test_choice_loader.TestAsyncChoiceLoader" name="test_list_templates_async" time="0.005" /><testcase classname="tests.test_choice_loader.TestAsyncChoiceLoader" name="test_load_async" time="0.007" /><testcase classname="tests.test_compiler.TestAsyncFrame" name="test_copy" time="0.001" /><testcase classname="tests.test_compiler.TestAsyncCodeGenerator" name="test_visit_block_has_known_extends" time="0.004" /><testcase classname="tests.test_compiler.TestAsyncCodeGenerator" name="test_visit_block_normal" time="0.004" /><testcase classname="tests.test_compiler.TestAsyncCodeGenerator" name="test_visit_extends_exit_on_no_output_check" time="0.003" /><testcase classname="tests.test_compiler.TestAsyncCodeGenerator" name="test_visit_extends_fail_on_non_toplevel" time="0.004" /><testcase classname="tests.test_compiler.TestAsyncCodeGenerator" name="test_visit_extends_multiple_times" time="0.004" /><testcase classname="tests.test_compiler.TestAsyncCodeGenerator" name="test_visit_extends_with_known_extends" time="0.003" /><testcase classname="tests.test_compiler.TestAsyncCodeGenerator" name="test_visit_extends_normal" time="0.007" /><testcase classname="tests.test_compiler.TestAsyncCodeGenerator" name="test_visit_extends_set_has_known_extends" time="0.005" /><testcase classname="tests.test_compiler.TestAsyncCodeGenerator" name="test_visit_include_ignore_missing" time="0.006" /><testcase classname="tests.test_compiler.TestAsyncCodeGenerator" name="test_visit_include_with_context" time="0.005" /><testcase classname="tests.test_compiler.TestAsyncCodeGenerator" name="test_visit_include_without_context" time="0.006" /><testcase classname="tests.test_compiler.TestAsyncCodeGenerator" name="test_import_common" time="0.004" /><testcase classname="tests.test_compiler_additional" name="test_async_frame_init" time="0.001" /><testcase classname="tests.test_compiler_additional" name="test_async_frame_copy" time="0.001" /><testcase classname="tests.test_compiler_additional" name="test_async_code_generator_init" time="0.001" /><testcase classname="tests.test_compiler_additional" name="test_visit_block" time="0.007" /><testcase classname="tests.test_compiler_additional" name="test_visit_extends" time="0.007" /><testcase classname="tests.test_compiler_additional" name="test_visit_include" time="0.011" /><testcase classname="tests.test_compiler_additional" name="test_func_code_generator" time="0.003" /><testcase classname="tests.test_compiler_additional" name="test_return_buffer_contents" time="0.005" /><testcase classname="tests.test_compiler_additional" name="test_visit_asyncfor" time="0.013" /><testcase classname="tests.test_benchmarks.TestLoaderBenchmarks" name="test_benchmark_function_loader_creation" time="0.383" /><testcase classname="tests.test_compiler_additional" name="test_visit_asynccall" time="0.012" /><testcase classname="tests.test_compiler_coverage" name="test_visit_asyncfor" time="0.014" /><testcase classname="tests.test_compiler_coverage" name="test_visit_asynccall" time="0.008" /><testcase classname="tests.test_compiler_uncovered.TestAsyncFrame" name="test_inspect_with_nodes" time="0.001" /><testcase classname="tests.test_compiler_uncovered.TestAsyncFrame" name="test_inspect_without_nodes" time="0.001" /><testcase classname="tests.test_compiler_uncovered.TestAsyncFrame" name="test_push_pop_scope" time="0.001" /><testcase classname="tests.test_compiler_uncovered.TestAsyncFrame" name="test_find_break_continue" time="0.001" /><testcase classname="tests.test_compiler_uncovered.TestAsyncFrame" name="test_inner_frame" time="0.001" /><testcase classname="tests.test_compiler_uncovered.TestAsyncCodeGenerator" name="test_func_method" time="0.001" /><testcase classname="tests.test_compiler_uncovered.TestAsyncCodeGenerator" name="test_enter_leave_frame" time="0.001" /><testcase classname="tests.test_compiler_uncovered.TestAsyncCodeGenerator" name="test_return_buffer_contents" time="0.001" /><testcase classname="tests.test_compiler_uncovered.TestAsyncCodeGenerator" name="test_func_code_generator" time="0.001" /><testcase classname="tests.test_compiler_uncovered.TestAsyncCodeGenerator" name="test_simple_write" time="0.001" /><testcase classname="tests.test_compiler_uncovered.TestAsyncCodeGenerator" name="test_visit_async_for_with_recursive" time="0.002" /><testcase classname="tests.test_dict_loader.TestAsyncDictLoader" name="test_init" time="0.001" /><testcase classname="tests.test_dict_loader.TestAsyncDictLoader" name="test_get_source_async_existing_template" time="0.002" /><testcase classname="tests.test_dict_loader.TestAsyncDictLoader" name="test_get_source_async_nonexistent_template" time="0.002" /><testcase classname="tests.test_dict_loader.TestAsyncDictLoader" name="test_get_source_async_with_path_object" time="0.003" /><testcase classname="tests.test_dict_loader.TestAsyncDictLoader" name="test_list_templates_async" time="0.003" /><testcase classname="tests.test_dict_loader.TestAsyncDictLoader" name="test_load_async" time="0.007" /><testcase classname="tests.test_dict_loader.TestAsyncDictLoader" name="test_uptodate_function" time="0.005" /><testcase classname="tests.test_e2e.TestEndToEnd" name="test_render_from_dict_loader" time="0.003" /><testcase classname="tests.test_e2e.TestEndToEnd" name="test_render_from_function_loader" time="0.007" /><testcase classname="tests.test_e2e.TestEndToEnd" name="test_template_inheritance" time="0.004" /><testcase classname="tests.test_e2e.TestEndToEnd" name="test_template_include" time="0.006" /><testcase classname="tests.test_e2e.TestEndToEnd" name="test_async_content_generation" time="0.005" /><testcase classname="tests.test_e2e.TestEndToEnd" name="test_template_not_found" time="0.004" /><testcase classname="tests.test_e2e.TestEndToEnd" name="test_select_template" time="0.003" /><testcase classname="tests.test_e2e.TestEndToEnd" name="test_get_or_select_template" time="0.005" /><testcase classname="tests.test_environment.TestAsyncEnvironment" name="test_init" time="0.007" /><testcase classname="tests.test_environment.TestAsyncEnvironment" name="test_get_template_not_implemented" time="0.005" /><testcase classname="tests.test_environment.TestAsyncEnvironment" name="test_select_template_not_implemented" time="0.005" /><testcase classname="tests.test_environment.TestAsyncEnvironment" name="test_get_or_select_template_not_implemented" time="0.006" /><testcase classname="tests.test_environment.TestAsyncEnvironment" name="test_get_template_async_with_template_object" time="0.007" /><testcase classname="tests.test_environment.TestAsyncEnvironment" name="test_get_template_async_with_parent" time="0.007" /><testcase classname="tests.test_environment.TestAsyncEnvironment" name="test_get_template_async_with_globals" time="0.009" /><testcase classname="tests.test_environment.TestAsyncEnvironment" name="test_select_template_async_with_empty_list" time="0.007" /><testcase classname="tests.test_environment.TestAsyncEnvironment" name="test_select_template_async_with_undefined" time="0.009" /><testcase classname="tests.test_environment.TestAsyncEnvironment" name="test_select_template_async_with_template_object" time="0.011" /><testcase classname="tests.test_environment.TestAsyncEnvironment" name="test_select_template_async_with_parent" time="0.009" /><testcase classname="tests.test_environment.TestAsyncEnvironment" name="test_select_template_async_not_found" time="0.007" /><testcase classname="tests.test_environment.TestAsyncEnvironment" name="test_get_or_select_template_async_with_string" time="0.008" /><testcase classname="tests.test_environment.TestAsyncEnvironment" name="test_get_or_select_template_async_with_template_object" time="0.009" /><testcase classname="tests.test_environment.TestAsyncEnvironment" name="test_get_or_select_template_async_with_list" time="0.008" /><testcase classname="tests.test_environment.TestAsyncEnvironment" name="test_load_template_async_with_template_object" time="0.008" /><testcase classname="tests.test_environment.TestAsyncEnvironment" name="test_load_template_async_with_string" time="0.010" /><testcase classname="tests.test_environment.TestAsyncEnvironment" name="test_load_template_async_with_iterable" time="0.010" /><testcase classname="tests.test_benchmarks.TestLoaderBenchmarks" name="test_benchmark_choice_loader_creation" time="0.387" /><testcase classname="tests.test_environment.TestAsyncEnvironment" name="test_load_template_async_with_iterable_all_not_found" time="0.007" /><testcase classname="tests.test_environment.TestAsyncEnvironment" name="test_get_template_no_loader" time="0.006" /><testcase classname="tests.test_environment.TestAsyncEnvironment" name="test_get_template_with_cache_hit" time="0.009" /><testcase classname="tests.test_environment.TestAsyncEnvironment" name="test_get_template_with_cache_hit_and_globals" time="0.013" /><testcase classname="tests.test_environment.TestAsyncEnvironment" name="test_get_template_with_cache_miss" time="0.008" /><testcase classname="tests.test_environment_additional" name="test_async_yield_from_with_generator_function" time="0.002" /><testcase classname="tests.test_environment_additional" name="test_async_yield_from_with_async_generator_function" time="0.002" /><testcase classname="tests.test_environment_additional" name="test_async_yield_from_with_type_error" time="0.003" /><testcase classname="tests.test_environment_additional" name="test_get_template_async_with_parent" time="0.004" /><testcase classname="tests.test_environment_additional" name="test_select_template_async_with_undefined" time="0.003" /><testcase classname="tests.test_environment_additional" name="test_select_template_async_with_template_object" time="0.003" /><testcase classname="tests.test_environment_additional" name="test_select_template_async_with_parent_and_template_not_found" time="0.005" /><testcase classname="tests.test_environment_additional" name="test_get_or_select_template_async_with_undefined" time="0.003" /><testcase classname="tests.test_environment_additional" name="test_get_or_select_template_async_with_template_object" time="0.003" /><testcase classname="tests.test_environment_additional" name="test_get_or_select_template_async_with_sequence" time="0.003" /><testcase classname="tests.test_environment_additional" name="test_load_template_async_with_template_object" time="0.003" /><testcase classname="tests.test_environment_additional" name="test_load_template_async_with_string" time="0.003" /><testcase classname="tests.test_environment_additional" name="test_load_template_async_with_sequence" time="0.004" /><testcase classname="tests.test_environment_additional" name="test_load_template_async_with_sequence_all_not_found" time="0.004" /><testcase classname="tests.test_environment_additional" name="test_get_template_async_no_loader" time="0.004" /><testcase classname="tests.test_environment_additional" name="test_get_template_async_with_cache_hit" time="0.007" /><testcase classname="tests.test_environment_additional" name="test_get_template_async_with_cache_hit_and_async_is_up_to_date" time="0.005" /><testcase classname="tests.test_environment_additional" name="test_get_template_async_with_cache_hit_and_auto_reload_false" time="0.004" /><testcase classname="tests.test_environment_additional" name="test_get_template_async_with_cache_hit_and_globals" time="0.005" /><testcase classname="tests.test_environment_additional" name="test_get_template_async_with_cache_miss" time="0.005" /><testcase classname="tests.test_environment_additional" name="test_get_template_async_with_cache_miss_and_globals" time="0.006" /><testcase classname="tests.test_environment_coverage" name="test_async_environment_init" time="0.001" /><testcase classname="tests.test_environment_coverage" name="test_generate" time="0.002" /><testcase classname="tests.test_environment_coverage" name="test_compile" time="0.001" /><testcase classname="tests.test_environment_coverage" name="test_async_yield_from" time="0.003" /><testcase classname="tests.test_environment_coverage" name="test_get_template_async" time="0.003" /><testcase classname="tests.test_environment_coverage" name="test_select_template_async" time="0.004" /><testcase classname="tests.test_environment_coverage" name="test_get_or_select_template_async" time="0.004" /><testcase classname="tests.test_environment_coverage" name="test_load_template_async" time="0.005" /><testcase classname="tests.test_environment_coverage" name="test_get_template_async_with_cache" time="0.005" /><testcase classname="tests.test_environment_uncovered.TestAsyncEnvironment" name="test_init_with_existing_escape_filter" time="0.001" /><testcase classname="tests.test_environment_uncovered.TestAsyncEnvironment" name="test_init_without_escape_filter" time="0.001" /><testcase classname="tests.test_environment_uncovered.TestAsyncEnvironment" name="test_select_template_async_with_template_object" time="0.004" /><testcase classname="tests.test_environment_uncovered.TestAsyncEnvironment" name="test_select_template_async_with_magicmock" time="0.003" /><testcase classname="tests.test_environment_uncovered.TestAsyncEnvironment" name="test_select_template_async_with_template_not_found" time="0.002" /><testcase classname="tests.test_environment_uncovered.TestAsyncEnvironment" name="test_evaluate_uptodate_attribute_with_coroutine" time="0.003" /><testcase classname="tests.test_environment_uncovered.TestAsyncEnvironment" name="test_evaluate_uptodate_attribute_with_coroutine_exception" time="0.003" /><testcase classname="tests.test_environment_uncovered.TestAsyncEnvironment" name="test_evaluate_uptodate_attribute_with_coroutine_function" time="0.002" /><testcase classname="tests.test_environment_uncovered.TestAsyncEnvironment" name="test_evaluate_uptodate_attribute_with_coroutine_function_exception" time="0.003" /><testcase classname="tests.test_environment_uncovered.TestAsyncEnvironment" name="test_evaluate_uptodate_attribute_with_callable" time="0.002" /><testcase classname="tests.test_environment_uncovered.TestAsyncEnvironment" name="test_evaluate_uptodate_attribute_with_callable_exception" time="0.002" /><testcase classname="tests.test_environment_uncovered.TestAsyncEnvironment" name="test_evaluate_uptodate_attribute_with_truthy_value" time="0.002" /><testcase classname="tests.test_environment_uncovered.TestAsyncEnvironment" name="test_evaluate_uptodate_attribute_with_falsy_value" time="0.003" /><testcase classname="tests.test_environment_uncovered.TestAsyncSandboxedEnvironment" name="test_init_with_existing_escape_filter" time="0.001" /><testcase classname="tests.test_environment_uncovered.TestAsyncSandboxedEnvironment" name="test_init_without_escape_filter" time="0.001" /><testcase classname="tests.test_escape_filter.TestEscapeFilter" name="test_explicit_escape_filter" time="0.005" /><testcase classname="tests.test_escape_filter.TestEscapeFilter" name="test_autoescape" time="0.004" /><testcase classname="tests.test_escape_filter.TestEscapeFilter" name="test_multiple_escapes" time="0.005" /><testcase classname="tests.test_escape_filter.TestEscapeFilter" name="test_nested_expression_escape" time="0.004" /><testcase classname="tests.test_escape_filter.TestEscapeFilter" name="test_escape_with_non_string_values" time="0.004" /><testcase classname="tests.test_function_loader.TestAsyncFunctionLoader" name="test_init" time="0.001" /><testcase classname="tests.test_function_loader.TestAsyncFunctionLoader" name="test_get_source_async_with_sync_function" time="0.003" /><testcase classname="tests.test_function_loader.TestAsyncFunctionLoader" name="test_get_source_async_with_async_function" time="0.003" /><testcase classname="tests.test_function_loader.TestAsyncFunctionLoader" name="test_get_source_async_with_string_function" time="0.004" /><testcase classname="tests.test_function_loader.TestAsyncFunctionLoader" name="test_get_source_async_nonexistent_template" time="0.004" /><testcase classname="tests.test_function_loader.TestAsyncFunctionLoader" name="test_get_source_async_with_path_object" time="0.003" /><testcase classname="tests.test_benchmarks.TestTemplateBenchmarks" name="test_benchmark_simple_template_load" time="0.256" /><testcase classname="tests.test_function_loader.TestAsyncFunctionLoader" name="test_load_async" time="0.005" /><testcase classname="tests.test_function_loader.TestAsyncFunctionLoader" name="test_invalid_return_type" time="0.002" /><testcase classname="tests.test_github_issue_6" name="test_tuple_unpacking_in_for_loop" time="0.005" /><testcase classname="tests.test_github_issue_6" name="test_triple_tuple_unpacking" time="0.005" /><testcase classname="tests.test_github_issue_6" name="test_join_filter_with_set_variable" time="0.004" /><testcase classname="tests.test_github_issue_6" name="test_join_filter_with_passed_variables" time="0.005" /><testcase classname="tests.test_github_issue_6" name="test_combined_tuple_unpacking_and_join" time="0.005" /><testcase classname="tests.test_github_issue_6" name="test_dictionary_items_tuple_unpacking" time="0.005" /><testcase classname="tests.test_github_issue_6" name="test_nested_tuple_unpacking" time="0.004" /><testcase classname="tests.test_github_issue_6" name="test_for_loop_with_else_clause" time="0.005" /><testcase classname="tests.test_loader_adapter.TestLoaderAdapter" name="test_base_loader_adapter" time="0.003" /><testcase classname="tests.test_loader_adapter.TestLoaderAdapter" name="test_filesystem_loader_adapter" time="0.003" /><testcase classname="tests.test_loader_adapter.TestLoaderAdapter" name="test_dict_loader_adapter" time="0.002" /><testcase classname="tests.test_loader_adapter.TestLoaderAdapter" name="test_function_loader_adapter" time="0.003" /><testcase classname="tests.test_loader_adapter.TestLoaderAdapter" name="test_choice_loader_adapter" time="0.003" /><testcase classname="tests.test_loaders.TestAsyncBaseLoader" name="test_init_with_single_path" time="0.001" /><testcase classname="tests.test_loaders.TestAsyncBaseLoader" name="test_init_with_multiple_paths" time="0.001" /><testcase classname="tests.test_loaders.TestAsyncBaseLoader" name="test_not_implemented_methods" time="0.004" /><testcase classname="tests.test_loaders.TestAsyncBaseLoader" name="test_load" time="0.009" /><testcase classname="tests.test_loaders.TestAsyncBaseLoader" name="test_load_with_bytes" time="0.010" /><testcase classname="tests.test_loaders_coverage" name="test_async_filesystem_loader_string_path_initialization" time="0.003" /><testcase classname="tests.test_loaders_coverage" name="test_async_filesystem_loader_error_handling" time="0.004" /><testcase classname="tests.test_loaders_coverage" name="test_async_package_loader_error_handling" time="0.004" /><testcase classname="tests.test_loaders_coverage" name="test_async_choice_loader_error_handling" time="0.003" /><testcase classname="tests.test_loaders_coverage" name="test_async_function_loader_error_handling" time="0.002" /><testcase classname="tests.test_loaders_coverage" name="test_async_dict_loader_error_handling" time="0.002" /><testcase classname="tests.test_loaders_coverage" name="test_async_filesystem_loader_with_encoding" time="0.006" /><testcase classname="tests.test_loaders_coverage" name="test_async_package_loader_with_encoding" time="0.003" /><testcase classname="tests.test_loaders_coverage" name="test_async_choice_loader_with_multiple_loaders" time="0.003" /><testcase classname="tests.test_loaders_coverage" name="test_async_function_loader_with_uptodate" time="0.004" /><testcase classname="tests.test_loaders_coverage" name="test_async_dict_loader_with_prefix" time="0.002" /><testcase classname="tests.test_loaders_coverage" name="test_async_filesystem_loader_list_templates" time="0.005" /><testcase classname="tests.test_macro_parameters.TestMacroParameters" name="test_simple_parameter_resolution" time="0.001"><skipped type="pytest.skip" message="Macro parameter resolution needs async runtime support">/Users/les/Projects/jinja2-async-environment/tests/test_macro_parameters.py:18: Macro parameter resolution needs async runtime support</skipped></testcase><testcase classname="tests.test_macro_parameters.TestMacroParameters" name="test_multiple_parameters" time="0.000"><skipped type="pytest.skip" message="Macro parameter resolution needs async runtime support">/Users/les/Projects/jinja2-async-environment/tests/test_macro_parameters.py:41: Macro parameter resolution needs async runtime support</skipped></testcase><testcase classname="tests.test_macro_parameters.TestMacroParameters" name="test_parameter_with_default_values" time="0.000"><skipped type="pytest.skip" message="Macro parameter resolution needs async runtime support">/Users/les/Projects/jinja2-async-environment/tests/test_macro_parameters.py:64: Macro parameter resolution needs async runtime support</skipped></testcase><testcase classname="tests.test_macro_parameters.TestMacroParameters" name="test_parameter_vs_context_priority" time="0.001"><skipped type="pytest.skip" message="Macro parameter resolution needs async runtime support">/Users/les/Projects/jinja2-async-environment/tests/test_macro_parameters.py:91: Macro parameter resolution needs async runtime support</skipped></testcase><testcase classname="tests.test_macro_parameters.TestMacroParameters" name="test_nested_macro_parameters" time="0.000"><skipped type="pytest.skip" message="Macro parameter resolution needs async runtime support">/Users/les/Projects/jinja2-async-environment/tests/test_macro_parameters.py:115: Macro parameter resolution needs async runtime support</skipped></testcase><testcase classname="tests.test_macro_parameters.TestMacroParameters" name="test_macro_parameter_types" time="0.000"><skipped type="pytest.skip" message="Macro parameter resolution needs async runtime support">/Users/les/Projects/jinja2-async-environment/tests/test_macro_parameters.py:143: Macro parameter resolution needs async runtime support</skipped></testcase><testcase classname="tests.test_macro_parameters.TestMacroParameterCurrentBehavior" name="test_parameter_resolution_now_works" time="0.000"><skipped type="pytest.skip" message="Macro parameter resolution needs async runtime support">/Users/les/Projects/jinja2-async-environment/tests/test_macro_parameters.py:170: Macro parameter resolution needs async runtime support</skipped></testcase><testcase classname="tests.test_macro_parameters.TestMacroParameterCurrentBehavior" name="test_default_parameter_now_works" time="0.000"><skipped type="pytest.skip" message="Macro parameter resolution needs async runtime support">/Users/les/Projects/jinja2-async-environment/tests/test_macro_parameters.py:193: Macro parameter resolution needs async runtime support</skipped></testcase><testcase classname="tests.test_macros.TestMacros" name="test_basic_macro" time="0.001"><skipped type="pytest.skip" message="Macro runtime needs async support">/Users/les/Projects/jinja2-async-environment/tests/test_macros.py:50: Macro runtime needs async support</skipped></testcase><testcase classname="tests.test_macros.TestMacros" name="test_multiple_macros" time="0.001"><skipped type="pytest.skip" message="Macro runtime needs async support">/Users/les/Projects/jinja2-async-environment/tests/test_macros.py:62: Macro runtime needs async support</skipped></testcase><testcase classname="tests.test_macros.TestMacros" name="test_macro_compilation" time="0.000"><skipped type="pytest.skip" message="Macro runtime needs async support">/Users/les/Projects/jinja2-async-environment/tests/test_macros.py:73: Macro runtime needs async support</skipped></testcase><testcase classname="tests.test_benchmarks.TestTemplateBenchmarks" name="test_benchmark_complex_template_load" time="0.118" /><testcase classname="tests.test_macros.TestMacros" name="test_standard_jinja2_compatibility" time="0.004" /><testcase classname="tests.test_macros.TestMacroBreaking" name="test_macro_parameters_now_work" time="0.000"><skipped type="pytest.skip" message="Macro runtime needs async support">/Users/les/Projects/jinja2-async-environment/tests/test_macros.py:111: Macro runtime needs async support</skipped></testcase><testcase classname="tests.test_macros.TestMacroBreaking" name="test_macro_call_blocks_now_work" time="0.000"><skipped type="pytest.skip" message="Macro runtime needs async support">/Users/les/Projects/jinja2-async-environment/tests/test_macros.py:134: Macro runtime needs async support</skipped></testcase><testcase classname="tests.test_optimization_comparison.TestAsyncYieldFromOptimization" name="test_benchmark_old_async_yield_from" time="1.414" /><testcase classname="tests.test_benchmarks.TestTemplateBenchmarks" name="test_benchmark_template_render_simple" time="1.220" /><testcase classname="tests.test_benchmarks.TestTemplateBenchmarks" name="test_benchmark_template_render_complex" time="1.207" /><testcase classname="tests.test_optimization_comparison.TestAsyncYieldFromOptimization" name="test_benchmark_new_async_yield_from" time="0.462" /><testcase classname="tests.test_optimization_comparison.TestAsyncYieldFromOptimization" name="test_benchmark_async_generator_performance" time="0.833" /><testcase classname="tests.test_benchmarks.TestTemplateBenchmarks" name="test_benchmark_template_cache_hit" time="0.986" /><testcase classname="tests.test_optimization_comparison.TestAsyncYieldFromOptimization" name="test_benchmark_type_detection_overhead" time="1.815" /><testcase classname="tests.test_benchmarks.TestTemplateBenchmarks" name="test_benchmark_template_cache_miss" time="1.521" /><testcase classname="tests.test_optimization_comparison.TestAsyncYieldFromOptimization" name="test_benchmark_exception_overhead" time="0.643" /><testcase classname="tests.test_benchmarks.TestCacheBenchmarks" name="test_benchmark_bytecode_cache_creation" time="1.413" /><testcase classname="tests.test_package_loader.TestAsyncPackageLoader" name="test_init_package_not_found" time="0.002" /><testcase classname="tests.test_package_loader.TestAsyncPackageLoader" name="test_init_loader_not_found" time="0.006" /><testcase classname="tests.test_package_loader.TestAsyncPackageLoader" name="test_init_template_root_not_found" time="0.004" /><testcase classname="tests.test_package_loader.TestAsyncPackageLoader" name="test_init_success" time="0.007" /><testcase classname="tests.test_package_loader.TestAsyncPackageLoader" name="test_get_source_async_not_found" time="0.007" /><testcase classname="tests.test_package_loader.TestAsyncPackageLoader" name="test_get_source_async_success" time="0.009" /><testcase classname="tests.test_package_loader.TestAsyncPackageLoader" name="test_get_source_async_with_archive" time="0.015" /><testcase classname="tests.test_package_loader.TestAsyncPackageLoader" name="test_list_templates_async_regular" time="0.008" /><testcase classname="tests.test_package_loader.TestAsyncPackageLoader" name="test_list_templates_async_zip" time="0.014" /><testcase classname="tests.test_package_loader.TestAsyncPackageLoader" name="test_list_templates_async_zip_no_files" time="0.008" /><testcase classname="tests.test_realistic_optimization.TestRealisticOptimization" name="test_benchmark_realistic_template_rendering" time="1.063" /><testcase classname="tests.test_realistic_optimization.TestRealisticOptimization" name="test_benchmark_many_small_generators" time="1.066" /><testcase classname="tests.test_benchmarks.TestCacheBenchmarks" name="test_benchmark_cache_key_generation" time="0.634" /><testcase classname="tests.test_benchmarks.TestCacheBenchmarks" name="test_benchmark_cache_operations" time="0.645" /><testcase classname="tests.test_realistic_optimization.TestRealisticOptimization" name="test_benchmark_mixed_generator_types" time="1.069" /><testcase classname="tests.test_benchmarks.TestCompilationBenchmarks" name="test_benchmark_simple_compilation" time="0.354" /><testcase classname="tests.test_benchmarks.TestCompilationBenchmarks" name="test_benchmark_complex_compilation" time="0.515" /><testcase classname="tests.test_realistic_optimization.TestRealisticOptimization" name="test_benchmark_nested_generators" time="1.055" /><testcase classname="tests.test_benchmarks.TestCompilationBenchmarks" name="test_benchmark_async_yield_from" time="0.731" /><testcase classname="tests.test_benchmarks.TestTypeCheckingBenchmarks" name="test_benchmark_template_type_check" time="0.484" /><testcase classname="tests.test_realistic_optimization.TestRealisticOptimization" name="test_benchmark_old_vs_new_realistic" time="1.204" /><testcase classname="tests.test_benchmarks.TestTypeCheckingBenchmarks" name="test_benchmark_mock_detection" time="0.738" /><testcase classname="tests.test_benchmarks.TestTypeCheckingBenchmarks" name="test_benchmark_hasattr_check" time="0.324" /><testcase classname="tests.test_redis_bccache.TestAsyncRedisBytecodeCache" name="test_init_with_client" time="0.003" /><testcase classname="tests.test_redis_bccache.TestAsyncRedisBytecodeCache" name="test_init_with_configs" time="0.002" /><testcase classname="tests.test_redis_bccache.TestAsyncRedisBytecodeCache" name="test_get_cache_key" time="0.003" /><testcase classname="tests.test_redis_bccache.TestAsyncRedisBytecodeCache" name="test_get_source_checksum" time="0.004" /><testcase classname="tests.test_redis_bccache.TestAsyncRedisBytecodeCache" name="test_get_bucket_name" time="0.003" /><testcase classname="tests.test_redis_bccache.TestAsyncRedisBytecodeCache" name="test_load_bytecode_hit" time="0.005" /><testcase classname="tests.test_redis_bccache.TestAsyncRedisBytecodeCache" name="test_load_bytecode_miss" time="0.004" /><testcase classname="tests.test_redis_bccache.TestAsyncRedisBytecodeCache" name="test_dump_bytecode" time="0.005" /><testcase classname="tests.test_redis_bccache.TestAsyncRedisBytecodeCache" name="test_get_bucket" time="0.007" /><testcase classname="tests.test_redis_bccache.TestAsyncRedisBytecodeCache" name="test_set_bucket" time="0.007" /><testcase classname="tests.test_redis_bccache.TestAsyncRedisBytecodeCache" name="test_get_bucket_async" time="0.004" /><testcase classname="tests.test_redis_bccache.TestAsyncRedisBytecodeCache" name="test_set_bucket_async" time="0.005" /><testcase classname="tests.test_template_rendering.TestTemplateRendering" name="test_render_simple_template" time="0.003" /><testcase classname="tests.test_template_rendering.TestTemplateRendering" name="test_render_template_with_inheritance" time="0.004" /><testcase classname="tests.test_template_rendering.TestTemplateRendering" name="test_render_template_with_include" time="0.005" /><testcase classname="tests.test_template_rendering.TestTemplateRendering" name="test_render_async_block" time="0.006" /><testcase classname="tests.test_template_rendering.TestTemplateRendering" name="test_render_async_include" time="0.006" /><testcase classname="tests.test_template_rendering.TestTemplateRendering" name="test_render_async_extends" time="0.004" /><testcase classname="tests.test_template_rendering.TestTemplateRendering" name="test_performance_with_large_template" time="0.008" /><testcase classname="tests.test_uptodate_async_support" name="test_loop_index_variable" time="0.004" /><testcase classname="tests.test_uptodate_async_support" name="test_loop_index0_variable" time="0.005" /><testcase classname="tests.test_benchmarks.TestIntegrationBenchmarks" name="test_benchmark_full_template_workflow" time="0.390" /><testcase classname="tests.test_uptodate_async_support" name="test_loop_first_last_variables" time="0.007" /><testcase classname="tests.test_uptodate_async_support" name="test_loop_variables_with_tuple_unpacking" time="0.007" /><testcase classname="tests.test_compiler_additional" name="test_visit_asyncfilterblock" time="0.023" /><testcase classname="tests.test_compiler_additional" name="test_visit_asyncwith" time="0.015" /><testcase classname="tests.test_compiler_additional" name="test_visit_asyncblock" time="0.011" /><testcase classname="tests.test_compiler_advanced_coverage.TestAsyncCodeGeneratorAdvanced" name="test_visit_async_for_with_else_clause" time="0.006" /><testcase classname="tests.test_compiler_advanced_coverage.TestAsyncCodeGeneratorAdvanced" name="test_visit_async_for_with_filter_test" time="0.008" /><testcase classname="tests.test_compiler_advanced_coverage.TestAsyncCodeGeneratorAdvanced" name="test_visit_async_call" time="0.003" /><testcase classname="tests.test_compiler_advanced_coverage.TestAsyncCodeGeneratorAdvanced" name="test_visit_async_filter_block_no_filter" time="0.002" /><testcase classname="tests.test_compiler_advanced_coverage.TestAsyncCodeGeneratorAdvanced" name="test_visit_async_filter_block_no_body" time="0.002" /><testcase classname="tests.test_compiler_advanced_coverage.TestAsyncCodeGeneratorAdvanced" name="test_visit_async_block_no_name" time="0.002" /><testcase classname="tests.test_compiler_advanced_coverage.TestAsyncCodeGeneratorAdvanced" name="test_visit_async_block_no_body" time="0.002" /><testcase classname="tests.test_compiler_advanced_coverage.TestAsyncCodeGeneratorAdvanced" name="test_handle_special_names_blocks" time="0.002" /><testcase classname="tests.test_compiler_advanced_coverage.TestAsyncCodeGeneratorAdvanced" name="test_handle_special_names_debug_info" time="0.002" /><testcase classname="tests.test_compiler_advanced_coverage.TestAsyncCodeGeneratorAdvanced" name="test_handle_special_names_other" time="0.001" /><testcase classname="tests.test_compiler_advanced_coverage.TestAsyncCodeGeneratorAdvanced" name="test_handle_symbol_name_assertion_error" time="0.001" /><testcase classname="tests.test_compiler_advanced_coverage.TestAsyncCodeGeneratorAdvanced" name="test_handle_symbol_name_assertion_error_store" time="0.002" /><testcase classname="tests.test_compiler_advanced_coverage.TestAsyncCodeGeneratorAdvanced" name="test_write_filter_special_params_no_func" time="0.001" /><testcase classname="tests.test_compiler_advanced_coverage.TestAsyncCodeGeneratorAdvanced" name="test_write_filter_input_no_node_no_buffer" time="0.002" /><testcase classname="tests.test_compiler_advanced_coverage.TestAsyncCodeGeneratorAdvanced" name="test_write_buffer_content_volatile" time="0.001" /><testcase classname="tests.test_compiler_advanced_coverage.TestAsyncCodeGeneratorAdvanced" name="test_write_buffer_content_autoescape" time="0.001" /><testcase classname="tests.test_compiler_advanced_coverage.TestAsyncCodeGeneratorAdvanced" name="test_write_buffer_content_no_autoescape" time="0.001" /><testcase classname="tests.test_compiler_advanced_coverage.TestAsyncCodeGeneratorAdvanced" name="test_write_filter_arguments_with_dynamic_args" time="0.003" /><testcase classname="tests.test_compiler_advanced_coverage.TestAsyncCodeGeneratorAdvanced" name="test_visit_assign_with_nsref" time="0.006" /><testcase classname="tests.test_compiler_advanced_coverage.TestAsyncCodeGeneratorAdvanced" name="test_pop_assign_tracking_no_vars" time="0.001" /><testcase classname="tests.test_compiler_advanced_coverage.TestAsyncCodeGeneratorAdvanced" name="test_pop_assign_tracking_single_var_loop" time="0.002" /><testcase classname="tests.test_compiler_advanced_coverage.TestAsyncCodeGeneratorAdvanced" name="test_pop_assign_tracking_single_var_block" time="0.002" /><testcase classname="tests.test_compiler_advanced_coverage.TestAsyncCodeGeneratorAdvanced" name="test_pop_assign_tracking_multiple_vars_loop" time="0.001" /><testcase classname="tests.test_compiler_advanced_coverage.TestAsyncCodeGeneratorAdvanced" name="test_pop_assign_tracking_public_names" time="0.001" /><testcase classname="tests.test_compiler_coverage" name="test_async_code_generator_init" time="0.001" /><testcase classname="tests.test_compiler_coverage" name="test_async_code_generator_inheritance" time="0.002" /></testsuite></testsuites>